[2025-06-11 22:16:17] Request Method: GET
[2025-06-11 22:16:17] Request URI: /web/zitel/send-email
[2025-06-11 22:16:17] Script Name: /web/zitel/send-email.php
[2025-06-11 22:16:17] PHP Self: /web/zitel/send-email.php
[2025-06-11 22:16:17] Request Headers: Array
(
    [Host] => localhost
    [Connection] => keep-alive
    [sec-ch-ua-platform] => "Windows"
    [X-Requested-With] => XMLHttpRequest
    [User-Agent] => Mozilla/5.0 (Windows NT 10.0; Win64; x64) AppleWebKit/537.36 (KHTML, like Gecko) Chrome/137.0.0.0 Safari/537.36
    [Accept] => application/json
    [sec-ch-ua] => "Google Chrome";v="137", "Chromium";v="137", "Not/A)Brand";v="24"
    [sec-ch-ua-mobile] => ?0
    [Sec-Fetch-Site] => same-origin
    [Sec-Fetch-Mode] => cors
    [Sec-Fetch-Dest] => empty
    [Referer] => http://localhost/web/zitel/contact
    [Accept-Encoding] => gzip, deflate, br, zstd
    [Accept-Language] => en-US,en;q=0.9,fr;q=0.8,sq;q=0.7
    [Cookie] => PHPSESSID=ob61gnb0te2ju3pvkmdvf4tovu; _ga=GA1.1.1920222777.1748959665; cookiePolicy=custom; analytics=false; marketing=false; _gid=GA1.1.639034314.1749631077; _ga_J1DQF09WZC=GS2.1.s1749645041$o18$g0$t1749645041$j60$l0$h0
)

[2025-06-11 22:16:17] POST Data: Array
(
)

[2025-06-11 22:16:17] Raw Input: 
[2025-06-11 22:16:17] Error: Invalid request method. Expected POST, got GET
